2020-11-02 17:17:16,965:INFO: Initializing train dataset
2020-11-02 17:23:10,045:INFO: Initializing train dataset
2020-11-02 17:23:43,379:INFO: Initializing train dataset
2020-11-02 17:25:06,727:INFO: Initializing val dataset
2020-11-02 17:27:03,780:INFO: Epoch: [0][  0/530]	Loss 4.866707 (4.866707)
2020-11-02 17:27:04,152:INFO: Epoch: [0][ 10/530]	Loss 0.802447 (1.758903)
2020-11-02 17:27:04,539:INFO: Epoch: [0][ 20/530]	Loss 0.644976 (1.503928)
2020-11-02 17:27:04,949:INFO: Epoch: [0][ 30/530]	Loss 0.677119 (1.372319)
2020-11-02 17:27:05,313:INFO: Epoch: [0][ 40/530]	Loss 0.969093 (1.218440)
2020-11-02 17:27:05,717:INFO: Epoch: [0][ 50/530]	Loss 0.495318 (1.077237)
2020-11-02 17:27:06,114:INFO: Epoch: [0][ 60/530]	Loss 0.716837 (0.978505)
2020-11-02 17:27:06,519:INFO: Epoch: [0][ 70/530]	Loss 0.333472 (0.895061)
2020-11-02 17:27:06,931:INFO: Epoch: [0][ 80/530]	Loss 0.527175 (0.818997)
2020-11-02 17:27:07,334:INFO: Epoch: [0][ 90/530]	Loss 0.421902 (0.763027)
2020-11-02 17:27:07,711:INFO: Epoch: [0][100/530]	Loss 1.527464 (0.712022)
2020-11-02 17:27:08,094:INFO: Epoch: [0][110/530]	Loss 0.495944 (0.718854)
2020-11-02 17:27:08,479:INFO: Epoch: [0][120/530]	Loss 0.147495 (0.685767)
2020-11-02 17:27:08,887:INFO: Epoch: [0][130/530]	Loss 46.723934 (1.001144)
2020-11-02 17:27:09,260:INFO: Epoch: [0][140/530]	Loss 0.123220 (0.956758)
2020-11-02 17:27:09,650:INFO: Epoch: [0][150/530]	Loss 0.126442 (0.897891)
2020-11-02 17:27:09,997:INFO: Epoch: [0][160/530]	Loss 0.168219 (3.280194)
2020-11-02 17:27:10,336:INFO: Epoch: [0][170/530]	Loss 0.196981 (6.247260)
2020-11-02 17:27:10,681:INFO: Epoch: [0][180/530]	Loss 0.191313 (8.601678)
2020-11-02 17:27:11,070:INFO: Epoch: [0][190/530]	Loss 0.180254 (7.925716)
2020-11-02 17:27:11,420:INFO: Epoch: [0][200/530]	Loss 0.109614 (7.369937)
2020-11-02 17:27:11,767:INFO: Epoch: [0][210/530]	Loss 0.092367 (6.955467)
2020-11-02 17:27:12,119:INFO: Epoch: [0][220/530]	Loss 0.139147 (8.311829)
2020-11-02 17:27:12,462:INFO: Epoch: [0][230/530]	Loss 0.108635 (7.802371)
2020-11-02 17:27:12,799:INFO: Epoch: [0][240/530]	Loss 0.089394 (7.431561)
2020-11-02 17:27:13,185:INFO: Epoch: [0][250/530]	Loss 0.069260 (7.092725)
2020-11-02 17:27:13,533:INFO: Epoch: [0][260/530]	Loss 0.115488 (7.374216)
2020-11-02 17:27:13,875:INFO: Epoch: [0][270/530]	Loss 0.080753 (7.167713)
2020-11-02 17:27:14,209:INFO: Epoch: [0][280/530]	Loss 0.055687 (6.988569)
2020-11-02 17:27:14,577:INFO: Epoch: [0][290/530]	Loss 0.058499 (6.790867)
2020-11-02 17:27:14,926:INFO: Epoch: [0][300/530]	Loss 0.099801 (6.558318)
2020-11-02 17:27:15,276:INFO: Epoch: [0][310/530]	Loss 0.044760 (6.391725)
2020-11-02 17:27:15,613:INFO: Epoch: [0][320/530]	Loss 0.104516 (11.712328)
2020-11-02 17:27:16,028:INFO: Epoch: [0][330/530]	Loss 0.066518 (11.275232)
2020-11-02 17:27:16,446:INFO: Epoch: [0][340/530]	Loss 0.192966 (10.584859)
2020-11-02 17:27:16,819:INFO: Epoch: [0][350/530]	Loss 0.054814 (10.258352)
2020-11-02 17:27:17,182:INFO: Epoch: [0][360/530]	Loss 0.048494 (10.060151)
2020-11-02 17:27:17,647:INFO: Epoch: [0][370/530]	Loss 0.057595 (10.476138)
2020-11-02 17:27:18,126:INFO: Epoch: [0][380/530]	Loss 0.079698 (10.298814)
2020-11-02 17:27:18,488:INFO: Epoch: [0][390/530]	Loss 0.134588 (10.273473)
2020-11-02 17:27:18,834:INFO: Epoch: [0][400/530]	Loss 0.104124 (10.064158)
2020-11-02 17:27:19,285:INFO: Epoch: [0][410/530]	Loss 0.075755 (9.518876)
2020-11-02 17:27:19,712:INFO: Epoch: [0][420/530]	Loss 0.039179 (9.173640)
2020-11-02 17:27:20,191:INFO: Epoch: [0][430/530]	Loss 0.047318 (9.020511)
2020-11-02 17:27:20,616:INFO: Epoch: [0][440/530]	Loss 0.031294 (8.813659)
2020-11-02 17:27:21,058:INFO: Epoch: [0][450/530]	Loss 239.434189 (9.728062)
2020-11-02 17:27:21,484:INFO: Epoch: [0][460/530]	Loss 0.083895 (9.462248)
2020-11-02 17:27:21,912:INFO: Epoch: [0][470/530]	Loss 408.568359 (9.727549)
2020-11-02 17:27:22,284:INFO: Epoch: [0][480/530]	Loss 0.055211 (9.596096)
2020-11-02 17:27:22,641:INFO: Epoch: [0][490/530]	Loss 0.051766 (9.438960)
2020-11-02 17:27:22,990:INFO: Epoch: [0][500/530]	Loss 0.061086 (9.283680)
2020-11-02 17:27:23,338:INFO: Epoch: [0][510/530]	Loss 0.036415 (9.110180)
2020-11-02 17:27:23,780:INFO: Epoch: [0][520/530]	Loss 0.038400 (8.962844)
2020-11-02 17:28:19,654:INFO: Initializing train dataset
2020-11-02 17:29:45,898:INFO: Initializing val dataset
2020-11-02 17:31:55,683:INFO: Epoch: [250][  0/152]	Loss 9.030581 (9.030581)
2020-11-02 17:32:50,828:INFO: Initializing train dataset
2020-11-02 17:34:30,500:INFO: Initializing val dataset
2020-11-02 17:36:53,970:INFO: Epoch: [250][ 0/50]	Loss 5.289948 (5.289948)
2020-11-02 17:38:38,050:INFO: Epoch: [250][10/50]	Loss 2.060106 (3.545571)
2020-11-02 17:40:17,309:INFO: Initializing train dataset
2020-11-02 17:41:56,641:INFO: Initializing val dataset
2020-11-02 17:44:17,214:INFO: Epoch: [250][ 0/56]	Loss 4.683052 (4.683052)
2020-11-02 17:45:46,507:INFO: Epoch: [250][10/56]	Loss 2.651345 (3.253654)
2020-11-02 17:48:13,847:INFO: Initializing train dataset
2020-11-02 17:49:53,605:INFO: Initializing val dataset
2020-11-02 17:52:14,163:INFO: Epoch: [250][ 0/62]	Loss 4.245707 (4.245707)
2020-11-02 17:53:34,256:INFO: Epoch: [250][10/62]	Loss 2.175731 (2.945146)
2020-11-02 17:54:54,401:INFO: Epoch: [250][20/62]	Loss 3.849406 (5.633669)
